<?xml version="1.0" encoding="UTF-8"?>
<testsuites name="Mosaj S2U" time="190.642" tests="2" failures="0" errors="0">
   <testsuite name="Mosaj S2U" tests="2" failures="0" errors="0" time="190.642" skipped="0" timestamp="2023-07-06 12:09:08" hostname="mosaj - localhost" id="Test Suites/Mosaj S2U">
      <properties>
[...]
</properties>
      <testcase name="Test Cases/Login Onboard/onboard_onboardIntoMAE - Copy" time="155.278" classname="Test Cases/Login Onboard/onboard_onboardIntoMAE - Copy" status="PASSED">
         <system-out><![CDATA[2023-07-06 12:09:09 - [TEST_CASE][PASSED] - Test Cases/Login Onboard/onboard_onboardIntoMAE - Copy: Test Cases/Login Onboard/onboard_onboardIntoMAE - Copy

2023-07-06 12:09:10 - [TEST_STEP][PASSED] - startApplication("/Users/APK/uat-universal-release.apk", false): Started app at: '/Users/APK/uat-universal-release.apk'

2023-07-06 12:09:11 - [MESSAGE][INFO] - User set preference: ['appWaitActivity', '*']

2023-07-06 12:09:11 - [MESSAGE][INFO] - User set preference: ['appPackage', 'com.maybank2u.life.uat']

2023-07-06 12:09:11 - [MESSAGE][INFO] - User set preference: ['appActivity', 'com.maybank2u.life.MainActivity']

2023-07-06 12:09:11 - [MESSAGE][INFO] - User set preference: ['noReset', 'true']

2023-07-06 12:09:11 - [MESSAGE][INFO] - User set preference: ['deviceId', 'R5CR704KXSR']

2023-07-06 12:09:11 - [MESSAGE][INFO] - Detected NodeJS location: "/usr/local/bin/node"

2023-07-06 12:09:14 - [MESSAGE][INFO] - Appium server started on port 54,741

2023-07-06 12:09:31 - [MESSAGE][PASSED] - Started app at: '/Users/APK/uat-universal-release.apk'

2023-07-06 12:09:31 - [TEST_STEP][PASSED] - if (verifyElementVisible(findTestObject("Login Onboarding/onboardWelcomeSkipBtn"), 10, OPTIONAL)): Element 'Object Repository/Text' is exist

2023-07-06 12:09:41 - [MESSAGE][WARNING] - Element 'Object Repository/Login Onboarding/onboardWelcomeSkipBtn' not found

2023-07-06 12:09:42 - [MESSAGE][PASSED] - Element 'Object Repository/Text' is exist

2023-07-06 12:09:42 - [TEST_STEP][PASSED] - else if (verifyElementExist(findTestObject("Text", ["Verify":"Your enhanced experience
is here."]), 10, OPTIONAL)): Tapped on element 'Object Repository/Login Onboarding/onboardTNCAgreeBtn'

2023-07-06 12:09:42 - [TEST_STEP][PASSED] - verifyElementExist(findTestObject("Text", ["Verify":"Next"]), 0): Element 'Object Repository/Text' is exist

2023-07-06 12:09:43 - [MESSAGE][WARNING] - Timeout '0' is invalid. Using default page load timeout: '30'

2023-07-06 12:09:43 - [MESSAGE][PASSED] - Element 'Object Repository/Text' is exist

2023-07-06 12:09:43 - [TEST_STEP][PASSED] - takeScreenshot(): Screenshot is taken

2023-07-06 12:09:44 - [MESSAGE][PASSED] - Screenshot is taken
[[ATTACHMENT|/Users/mosaj/Documents/GitHub/MAE-M2U-TestCloud/Reports/20230706_120854/Mosaj S2U/20230706_120854/1688616583341.png]]

2023-07-06 12:09:44 - [TEST_STEP][PASSED] - tap(findTestObject("ImageNo", ["No":2]), 0): Tapped on element 'Object Repository/ImageNo'

2023-07-06 12:09:44 - [MESSAGE][WARNING] - Timeout '0' is invalid. Using default page load timeout: '30'

2023-07-06 12:09:45 - [MESSAGE][PASSED] - Tapped on element 'Object Repository/ImageNo'

2023-07-06 12:09:45 - [TEST_STEP][PASSED] - verifyElementExist(findTestObject("Text", ["Verify":"Agree"]), 0): Element 'Object Repository/Text' is exist

2023-07-06 12:09:45 - [MESSAGE][WARNING] - Timeout '0' is invalid. Using default page load timeout: '30'

2023-07-06 12:09:45 - [MESSAGE][PASSED] - Element 'Object Repository/Text' is exist

2023-07-06 12:09:45 - [TEST_STEP][PASSED] - takeScreenshot(): Screenshot is taken

2023-07-06 12:09:46 - [MESSAGE][PASSED] - Screenshot is taken
[[ATTACHMENT|/Users/mosaj/Documents/GitHub/MAE-M2U-TestCloud/Reports/20230706_120854/Mosaj S2U/20230706_120854/1688616585872.png]]

2023-07-06 12:09:46 - [TEST_STEP][PASSED] - tap(findTestObject("Login Onboarding/onboardTNCAgreeBtn"), 0): Tapped on element 'Object Repository/Login Onboarding/onboardTNCAgreeBtn'

2023-07-06 12:09:46 - [MESSAGE][WARNING] - Timeout '0' is invalid. Using default page load timeout: '30'

2023-07-06 12:09:46 - [MESSAGE][PASSED] - Tapped on element 'Object Repository/Login Onboarding/onboardTNCAgreeBtn'

2023-07-06 12:09:46 - [TEST_STEP][PASSED] - if (verifyElementExist(findTestObject("Dashboard/dashboardSetUpWalletIcon"), 10, OPTIONAL)): Element 'Object Repository/Dashboard/dashboardSetUpWalletIcon' not found

2023-07-06 12:09:56 - [MESSAGE][WARNING] - Element 'Object Repository/Dashboard/dashboardSetUpWalletIcon' not found

2023-07-06 12:09:56 - [TEST_STEP][PASSED] - else: Tapped on element 'Object Repository/Text'

2023-07-06 12:09:56 - [TEST_STEP][PASSED] - tap(findTestObject("Text", ["Verify":"Log In Now"]), 0): Tapped on element 'Object Repository/Text'

2023-07-06 12:09:56 - [MESSAGE][WARNING] - Timeout '0' is invalid. Using default page load timeout: '30'

2023-07-06 12:09:57 - [MESSAGE][PASSED] - Tapped on element 'Object Repository/Text'

2023-07-06 12:09:57 - [TEST_STEP][PASSED] - takeScreenshot(): Screenshot is taken

2023-07-06 12:09:57 - [MESSAGE][PASSED] - Screenshot is taken
[[ATTACHMENT|/Users/mosaj/Documents/GitHub/MAE-M2U-TestCloud/Reports/20230706_120854/Mosaj S2U/20230706_120854/1688616597223.png]]

2023-07-06 12:09:57 - [TEST_STEP][PASSED] - tap(findTestObject("Login Onboarding/getStartedExistingUserBtn"), 0): Tapped on element 'Object Repository/Login Onboarding/getStartedExistingUserBtn'

2023-07-06 12:09:58 - [MESSAGE][WARNING] - Timeout '0' is invalid. Using default page load timeout: '30'

2023-07-06 12:09:58 - [MESSAGE][PASSED] - Tapped on element 'Object Repository/Login Onboarding/getStartedExistingUserBtn'

2023-07-06 12:09:58 - [TEST_STEP][PASSED] - setText(findTestObject("Login Onboarding/loginExistingUsernameInputField"), "samuat05", 0): Text 'samuat05' has been set to element 'Object Repository/Login Onboarding/loginExistingUsernameInputField'

2023-07-06 12:09:59 - [MESSAGE][WARNING] - Timeout '0' is invalid. Using default page load timeout: '30'

2023-07-06 12:10:01 - [MESSAGE][PASSED] - Text 'samuat05' has been set to element 'Object Repository/Login Onboarding/loginExistingUsernameInputField'

2023-07-06 12:10:01 - [TEST_STEP][PASSED] - hideKeyboard(): Keyboard is hidden

2023-07-06 12:10:02 - [MESSAGE][PASSED] - Keyboard is hidden

2023-07-06 12:10:02 - [TEST_STEP][PASSED] - takeScreenshot(): Screenshot is taken

2023-07-06 12:10:02 - [MESSAGE][PASSED] - Screenshot is taken
[[ATTACHMENT|/Users/mosaj/Documents/GitHub/MAE-M2U-TestCloud/Reports/20230706_120854/Mosaj S2U/20230706_120854/1688616602560.png]]

2023-07-06 12:10:02 - [TEST_STEP][PASSED] - tap(findTestObject("Login Onboarding/loginExistingContinueBtn"), 0): Tapped on element 'Object Repository/Login Onboarding/loginExistingContinueBtn'

2023-07-06 12:10:03 - [MESSAGE][WARNING] - Timeout '0' is invalid. Using default page load timeout: '30'

2023-07-06 12:10:03 - [MESSAGE][PASSED] - Tapped on element 'Object Repository/Login Onboarding/loginExistingContinueBtn'

2023-07-06 12:10:03 - [TEST_STEP][PASSED] - waitForElementPresent(findTestObject("Login Onboarding/loginExistingMineConfirmationBtn"), 50): Element 'Object Repository/Login Onboarding/loginExistingMineConfirmationBtn' is present

2023-07-06 12:10:05 - [MESSAGE][PASSED] - Element 'Object Repository/Login Onboarding/loginExistingMineConfirmationBtn' is present

2023-07-06 12:10:05 - [TEST_STEP][PASSED] - takeScreenshot(): Screenshot is taken

2023-07-06 12:10:05 - [MESSAGE][PASSED] - Screenshot is taken
[[ATTACHMENT|/Users/mosaj/Documents/GitHub/MAE-M2U-TestCloud/Reports/20230706_120854/Mosaj S2U/20230706_120854/1688616605144.png]]

2023-07-06 12:10:05 - [TEST_STEP][PASSED] - tap(findTestObject("Login Onboarding/loginExistingMineConfirmationBtn"), 0): Tapped on element 'Object Repository/Login Onboarding/loginExistingMineConfirmationBtn'

2023-07-06 12:10:05 - [MESSAGE][WARNING] - Timeout '0' is invalid. Using default page load timeout: '30'

2023-07-06 12:10:05 - [MESSAGE][PASSED] - Tapped on element 'Object Repository/Login Onboarding/loginExistingMineConfirmationBtn'

2023-07-06 12:10:05 - [TEST_STEP][PASSED] - setText(findTestObject("Login Onboarding/loginPasswordInputField"), "Maybank@1", 0): Text 'Maybank@1' has been set to element 'Object Repository/Login Onboarding/loginPasswordInputField'

2023-07-06 12:10:05 - [MESSAGE][WARNING] - Timeout '0' is invalid. Using default page load timeout: '30'

2023-07-06 12:10:07 - [MESSAGE][PASSED] - Text 'Maybank@1' has been set to element 'Object Repository/Login Onboarding/loginPasswordInputField'

2023-07-06 12:10:07 - [TEST_STEP][PASSED] - hideKeyboard(): Keyboard is hidden

2023-07-06 12:10:09 - [MESSAGE][PASSED] - Keyboard is hidden

2023-07-06 12:10:09 - [TEST_STEP][PASSED] - takeScreenshot(): Screenshot is taken

2023-07-06 12:10:09 - [MESSAGE][PASSED] - Screenshot is taken
[[ATTACHMENT|/Users/mosaj/Documents/GitHub/MAE-M2U-TestCloud/Reports/20230706_120854/Mosaj S2U/20230706_120854/1688616609071.png]]

2023-07-06 12:10:09 - [TEST_STEP][PASSED] - tap(findTestObject("Login Onboarding/loginExistingContinueBtn"), 0): Tapped on element 'Object Repository/Login Onboarding/loginExistingContinueBtn'

2023-07-06 12:10:09 - [MESSAGE][WARNING] - Timeout '0' is invalid. Using default page load timeout: '30'

2023-07-06 12:10:09 - [MESSAGE][PASSED] - Tapped on element 'Object Repository/Login Onboarding/loginExistingContinueBtn'

2023-07-06 12:10:09 - [TEST_STEP][PASSED] - delay(5): Delayed 5 second(s)

2023-07-06 12:10:14 - [MESSAGE][PASSED] - Delayed 5 second(s)

2023-07-06 12:10:14 - [TEST_STEP][PASSED] - if (verifyElementVisible(findTestObject("Login Onboarding/Proceed"), 3, OPTIONAL)): Element 'Object Repository/Login Onboarding/Proceed' not found

2023-07-06 12:10:18 - [MESSAGE][WARNING] - Element 'Object Repository/Login Onboarding/Proceed' not found

2023-07-06 12:10:18 - [TEST_STEP][PASSED] - pinNO = findTestData("test_data").getValue(11, 1): null

2023-07-06 12:10:19 - [TEST_STEP][PASSED] - length = pinNO.length(): null

2023-07-06 12:10:19 - [TEST_STEP][PASSED] - for ([i = 0, i < length, (i++)]): Tapped on element 'Object Repository/Text'

2023-07-06 12:10:19 - [TEST_STEP][PASSED] - TapNo = pinNO[i]: null

2023-07-06 12:10:19 - [TEST_STEP][PASSED] - tap(findTestObject("Text", ["Verify":TapNo]), 0): Tapped on element 'Object Repository/Text'

2023-07-06 12:10:20 - [MESSAGE][WARNING] - Timeout '0' is invalid. Using default page load timeout: '30'

2023-07-06 12:10:20 - [MESSAGE][PASSED] - Tapped on element 'Object Repository/Text'

2023-07-06 12:10:20 - [TEST_STEP][PASSED] - TapNo = pinNO[i]: null

2023-07-06 12:10:20 - [TEST_STEP][PASSED] - tap(findTestObject("Text", ["Verify":TapNo]), 0): Tapped on element 'Object Repository/Text'

2023-07-06 12:10:20 - [MESSAGE][WARNING] - Timeout '0' is invalid. Using default page load timeout: '30'

2023-07-06 12:10:22 - [MESSAGE][PASSED] - Tapped on element 'Object Repository/Text'

2023-07-06 12:10:22 - [TEST_STEP][PASSED] - TapNo = pinNO[i]: null

2023-07-06 12:10:22 - [TEST_STEP][PASSED] - tap(findTestObject("Text", ["Verify":TapNo]), 0): Tapped on element 'Object Repository/Text'

2023-07-06 12:10:22 - [MESSAGE][WARNING] - Timeout '0' is invalid. Using default page load timeout: '30'

2023-07-06 12:10:23 - [MESSAGE][PASSED] - Tapped on element 'Object Repository/Text'

2023-07-06 12:10:23 - [TEST_STEP][PASSED] - TapNo = pinNO[i]: null

2023-07-06 12:10:23 - [TEST_STEP][PASSED] - tap(findTestObject("Text", ["Verify":TapNo]), 0): Tapped on element 'Object Repository/Text'

2023-07-06 12:10:23 - [MESSAGE][WARNING] - Timeout '0' is invalid. Using default page load timeout: '30'

2023-07-06 12:10:25 - [MESSAGE][PASSED] - Tapped on element 'Object Repository/Text'

2023-07-06 12:10:25 - [TEST_STEP][PASSED] - TapNo = pinNO[i]: null

2023-07-06 12:10:25 - [TEST_STEP][PASSED] - tap(findTestObject("Text", ["Verify":TapNo]), 0): Tapped on element 'Object Repository/Text'

2023-07-06 12:10:25 - [MESSAGE][WARNING] - Timeout '0' is invalid. Using default page load timeout: '30'

2023-07-06 12:10:27 - [MESSAGE][PASSED] - Tapped on element 'Object Repository/Text'

2023-07-06 12:10:27 - [TEST_STEP][PASSED] - TapNo = pinNO[i]: null

2023-07-06 12:10:27 - [TEST_STEP][PASSED] - tap(findTestObject("Text", ["Verify":TapNo]), 0): Tapped on element 'Object Repository/Text'

2023-07-06 12:10:27 - [MESSAGE][WARNING] - Timeout '0' is invalid. Using default page load timeout: '30'

2023-07-06 12:10:28 - [MESSAGE][PASSED] - Tapped on element 'Object Repository/Text'

2023-07-06 12:10:28 - [TEST_STEP][PASSED] - takeScreenshot(): Screenshot is taken

2023-07-06 12:10:29 - [MESSAGE][PASSED] - Screenshot is taken
[[ATTACHMENT|/Users/mosaj/Documents/GitHub/MAE-M2U-TestCloud/Reports/20230706_120854/Mosaj S2U/20230706_120854/1688616628879.png]]

2023-07-06 12:10:29 - [TEST_STEP][PASSED] - tap(findTestObject("Object Repository/Dynamic Object/Tap Image Following 2", ["text":"0"]), 0): Tapped on element 'Object Repository/Dynamic Object/Tap Image Following 2'

2023-07-06 12:10:29 - [MESSAGE][WARNING] - Timeout '0' is invalid. Using default page load timeout: '30'

2023-07-06 12:10:31 - [MESSAGE][PASSED] - Tapped on element 'Object Repository/Dynamic Object/Tap Image Following 2'

2023-07-06 12:10:31 - [TEST_STEP][PASSED] - delay(2): Delayed 2 second(s)

2023-07-06 12:10:33 - [MESSAGE][PASSED] - Delayed 2 second(s)

2023-07-06 12:10:33 - [TEST_STEP][PASSED] - pinNO = findTestData("test_data").getValue(11, 1): null

2023-07-06 12:10:34 - [TEST_STEP][PASSED] - length = pinNO.length(): null

2023-07-06 12:10:34 - [TEST_STEP][PASSED] - for ([i = 0, i < length, (i++)]): Tapped on element 'Object Repository/Text'

2023-07-06 12:10:34 - [TEST_STEP][PASSED] - TapNo = pinNO[i]: null

2023-07-06 12:10:34 - [TEST_STEP][PASSED] - tap(findTestObject("Text", ["Verify":TapNo]), 0): Tapped on element 'Object Repository/Text'

2023-07-06 12:10:34 - [MESSAGE][WARNING] - Timeout '0' is invalid. Using default page load timeout: '30'

2023-07-06 12:10:34 - [MESSAGE][PASSED] - Tapped on element 'Object Repository/Text'

2023-07-06 12:10:34 - [TEST_STEP][PASSED] - TapNo = pinNO[i]: null

2023-07-06 12:10:34 - [TEST_STEP][PASSED] - tap(findTestObject("Text", ["Verify":TapNo]), 0): Tapped on element 'Object Repository/Text'

2023-07-06 12:10:34 - [MESSAGE][WARNING] - Timeout '0' is invalid. Using default page load timeout: '30'

2023-07-06 12:10:40 - [MESSAGE][PASSED] - Tapped on element 'Object Repository/Text'

2023-07-06 12:10:40 - [TEST_STEP][PASSED] - TapNo = pinNO[i]: null

2023-07-06 12:10:40 - [TEST_STEP][PASSED] - tap(findTestObject("Text", ["Verify":TapNo]), 0): Tapped on element 'Object Repository/Text'

2023-07-06 12:10:40 - [MESSAGE][WARNING] - Timeout '0' is invalid. Using default page load timeout: '30'

2023-07-06 12:10:40 - [MESSAGE][PASSED] - Tapped on element 'Object Repository/Text'

2023-07-06 12:10:40 - [TEST_STEP][PASSED] - TapNo = pinNO[i]: null

2023-07-06 12:10:40 - [TEST_STEP][PASSED] - tap(findTestObject("Text", ["Verify":TapNo]), 0): Tapped on element 'Object Repository/Text'

2023-07-06 12:10:40 - [MESSAGE][WARNING] - Timeout '0' is invalid. Using default page load timeout: '30'

2023-07-06 12:10:42 - [MESSAGE][PASSED] - Tapped on element 'Object Repository/Text'

2023-07-06 12:10:42 - [TEST_STEP][PASSED] - TapNo = pinNO[i]: null

2023-07-06 12:10:42 - [TEST_STEP][PASSED] - tap(findTestObject("Text", ["Verify":TapNo]), 0): Tapped on element 'Object Repository/Text'

2023-07-06 12:10:42 - [MESSAGE][WARNING] - Timeout '0' is invalid. Using default page load timeout: '30'

2023-07-06 12:10:43 - [MESSAGE][PASSED] - Tapped on element 'Object Repository/Text'

2023-07-06 12:10:43 - [TEST_STEP][PASSED] - TapNo = pinNO[i]: null

2023-07-06 12:10:43 - [TEST_STEP][PASSED] - tap(findTestObject("Text", ["Verify":TapNo]), 0): Tapped on element 'Object Repository/Text'

2023-07-06 12:10:44 - [MESSAGE][WARNING] - Timeout '0' is invalid. Using default page load timeout: '30'

2023-07-06 12:10:45 - [MESSAGE][PASSED] - Tapped on element 'Object Repository/Text'

2023-07-06 12:10:45 - [TEST_STEP][PASSED] - delay(2): Delayed 2 second(s)

2023-07-06 12:10:47 - [MESSAGE][PASSED] - Delayed 2 second(s)

2023-07-06 12:10:47 - [TEST_STEP][PASSED] - takeScreenshot(): Screenshot is taken

2023-07-06 12:10:47 - [MESSAGE][PASSED] - Screenshot is taken
[[ATTACHMENT|/Users/mosaj/Documents/GitHub/MAE-M2U-TestCloud/Reports/20230706_120854/Mosaj S2U/20230706_120854/1688616647428.png]]

2023-07-06 12:10:47 - [TEST_STEP][PASSED] - tap(findTestObject("Object Repository/Dynamic Object/Tap Image Following 2", ["text":"0"]), 0): Tapped on element 'Object Repository/Dynamic Object/Tap Image Following 2'

2023-07-06 12:10:47 - [MESSAGE][WARNING] - Timeout '0' is invalid. Using default page load timeout: '30'

2023-07-06 12:10:48 - [MESSAGE][PASSED] - Tapped on element 'Object Repository/Dynamic Object/Tap Image Following 2'

2023-07-06 12:10:48 - [TEST_STEP][PASSED] - delay(2): Delayed 2 second(s)

2023-07-06 12:10:50 - [MESSAGE][PASSED] - Delayed 2 second(s)

2023-07-06 12:10:50 - [TEST_STEP][PASSED] - takeScreenshot(): Screenshot is taken

2023-07-06 12:10:50 - [MESSAGE][PASSED] - Screenshot is taken
[[ATTACHMENT|/Users/mosaj/Documents/GitHub/MAE-M2U-TestCloud/Reports/20230706_120854/Mosaj S2U/20230706_120854/1688616650199.png]]

2023-07-06 12:10:50 - [TEST_STEP][PASSED] - tap(findTestObject("Login Onboarding/loginTouchIDSetUpLaterBtn"), 0): Tapped on element 'Object Repository/Login Onboarding/loginTouchIDSetUpLaterBtn'

2023-07-06 12:10:50 - [MESSAGE][WARNING] - Timeout '0' is invalid. Using default page load timeout: '30'

2023-07-06 12:10:50 - [MESSAGE][PASSED] - Tapped on element 'Object Repository/Login Onboarding/loginTouchIDSetUpLaterBtn'

2023-07-06 12:10:50 - [TEST_STEP][PASSED] - delay(2): Delayed 2 second(s)

2023-07-06 12:10:52 - [MESSAGE][PASSED] - Delayed 2 second(s)

2023-07-06 12:10:52 - [TEST_STEP][PASSED] - takeScreenshot(): Screenshot is taken

2023-07-06 12:10:53 - [MESSAGE][PASSED] - Screenshot is taken
[[ATTACHMENT|/Users/mosaj/Documents/GitHub/MAE-M2U-TestCloud/Reports/20230706_120854/Mosaj S2U/20230706_120854/1688616652923.png]]

2023-07-06 12:10:53 - [TEST_STEP][PASSED] - tap(findTestObject("Login Onboarding/loginVerifyNumberYesProceedBtn"), 0): Tapped on element 'Object Repository/Login Onboarding/loginVerifyNumberYesProceedBtn'

2023-07-06 12:10:53 - [MESSAGE][WARNING] - Timeout '0' is invalid. Using default page load timeout: '30'

2023-07-06 12:10:53 - [MESSAGE][PASSED] - Tapped on element 'Object Repository/Login Onboarding/loginVerifyNumberYesProceedBtn'

2023-07-06 12:10:53 - [TEST_STEP][PASSED] - OTP = getText(findTestObject("Object Repository/Login Onboarding/Your OTP no. is 2"), 0): Text of element 'Object Repository/Login Onboarding/Your OTP no. is 2' is: 'Your OTP no. is 939191'

2023-07-06 12:10:53 - [MESSAGE][WARNING] - Timeout '0' is invalid. Using default page load timeout: '30'

2023-07-06 12:10:56 - [MESSAGE][PASSED] - Text of element 'Object Repository/Login Onboarding/Your OTP no. is 2' is: 'Your OTP no. is 939191'

2023-07-06 12:10:56 - [TEST_STEP][PASSED] - delay(2): Delayed 2 second(s)

2023-07-06 12:10:58 - [MESSAGE][PASSED] - Delayed 2 second(s)

2023-07-06 12:10:58 - [TEST_STEP][PASSED] - for ([i = 16, i <= 21, (i++)]): Tapped on element 'Object Repository/Text'

2023-07-06 12:10:58 - [TEST_STEP][PASSED] - TapNo = OTP[i]: null

2023-07-06 12:10:58 - [TEST_STEP][PASSED] - tap(findTestObject("Text", ["Verify":TapNo]), 0): Tapped on element 'Object Repository/Text'

2023-07-06 12:10:58 - [MESSAGE][WARNING] - Timeout '0' is invalid. Using default page load timeout: '30'

2023-07-06 12:10:59 - [MESSAGE][PASSED] - Tapped on element 'Object Repository/Text'

2023-07-06 12:10:59 - [TEST_STEP][PASSED] - TapNo = OTP[i]: null

2023-07-06 12:10:59 - [TEST_STEP][PASSED] - tap(findTestObject("Text", ["Verify":TapNo]), 0): Tapped on element 'Object Repository/Text'

2023-07-06 12:10:59 - [MESSAGE][WARNING] - Timeout '0' is invalid. Using default page load timeout: '30'

2023-07-06 12:11:02 - [MESSAGE][PASSED] - Tapped on element 'Object Repository/Text'

2023-07-06 12:11:02 - [TEST_STEP][PASSED] - TapNo = OTP[i]: null

2023-07-06 12:11:02 - [TEST_STEP][PASSED] - tap(findTestObject("Text", ["Verify":TapNo]), 0): Tapped on element 'Object Repository/Text'

2023-07-06 12:11:02 - [MESSAGE][WARNING] - Timeout '0' is invalid. Using default page load timeout: '30'

2023-07-06 12:11:04 - [MESSAGE][PASSED] - Tapped on element 'Object Repository/Text'

2023-07-06 12:11:04 - [TEST_STEP][PASSED] - TapNo = OTP[i]: null

2023-07-06 12:11:04 - [TEST_STEP][PASSED] - tap(findTestObject("Text", ["Verify":TapNo]), 0): Tapped on element 'Object Repository/Text'

2023-07-06 12:11:04 - [MESSAGE][WARNING] - Timeout '0' is invalid. Using default page load timeout: '30'

2023-07-06 12:11:06 - [MESSAGE][PASSED] - Tapped on element 'Object Repository/Text'

2023-07-06 12:11:06 - [TEST_STEP][PASSED] - TapNo = OTP[i]: null

2023-07-06 12:11:06 - [TEST_STEP][PASSED] - tap(findTestObject("Text", ["Verify":TapNo]), 0): Tapped on element 'Object Repository/Text'

2023-07-06 12:11:06 - [MESSAGE][WARNING] - Timeout '0' is invalid. Using default page load timeout: '30'

2023-07-06 12:11:08 - [MESSAGE][PASSED] - Tapped on element 'Object Repository/Text'

2023-07-06 12:11:08 - [TEST_STEP][PASSED] - TapNo = OTP[i]: null

2023-07-06 12:11:08 - [TEST_STEP][PASSED] - tap(findTestObject("Text", ["Verify":TapNo]), 0): Tapped on element 'Object Repository/Text'

2023-07-06 12:11:08 - [MESSAGE][WARNING] - Timeout '0' is invalid. Using default page load timeout: '30'

2023-07-06 12:11:10 - [MESSAGE][PASSED] - Tapped on element 'Object Repository/Text'

2023-07-06 12:11:10 - [TEST_STEP][PASSED] - takeScreenshot(): Screenshot is taken

2023-07-06 12:11:11 - [MESSAGE][PASSED] - Screenshot is taken
[[ATTACHMENT|/Users/mosaj/Documents/GitHub/MAE-M2U-TestCloud/Reports/20230706_120854/Mosaj S2U/20230706_120854/1688616670661.png]]

2023-07-06 12:11:11 - [TEST_STEP][PASSED] - delay(3): Delayed 3 second(s)

2023-07-06 12:11:14 - [MESSAGE][PASSED] - Delayed 3 second(s)

2023-07-06 12:11:14 - [TEST_STEP][PASSED] - tap(findTestObject("Object Repository/Dynamic Object/Tap Image Following 2", ["text":"0"]), 0): Tapped on element 'Object Repository/Dynamic Object/Tap Image Following 2'

2023-07-06 12:11:14 - [MESSAGE][WARNING] - Timeout '0' is invalid. Using default page load timeout: '30'

2023-07-06 12:11:14 - [MESSAGE][PASSED] - Tapped on element 'Object Repository/Dynamic Object/Tap Image Following 2'

2023-07-06 12:11:14 - [TEST_STEP][PASSED] - waitForElementPresent(findTestObject("Login Onboarding/onboardNameInputField"), 0): Element 'Object Repository/Login Onboarding/onboardNameInputField' is present

2023-07-06 12:11:14 - [MESSAGE][WARNING] - Timeout '0' is invalid. Using default page load timeout: '30'

2023-07-06 12:11:19 - [MESSAGE][PASSED] - Element 'Object Repository/Login Onboarding/onboardNameInputField' is present

2023-07-06 12:11:19 - [TEST_STEP][PASSED] - setText(findTestObject("Login Onboarding/onboardNameInputField"), findTestData("test_data").getValue(3, 21), 0): Text 'Sam Test' has been set to element 'Object Repository/Login Onboarding/onboardNameInputField'

2023-07-06 12:11:19 - [MESSAGE][WARNING] - Timeout '0' is invalid. Using default page load timeout: '30'

2023-07-06 12:11:21 - [MESSAGE][PASSED] - Text 'Sam Test' has been set to element 'Object Repository/Login Onboarding/onboardNameInputField'

2023-07-06 12:11:21 - [TEST_STEP][PASSED] - hideKeyboard(): Keyboard is hidden

2023-07-06 12:11:21 - [MESSAGE][PASSED] - Keyboard is hidden

2023-07-06 12:11:21 - [TEST_STEP][PASSED] - delay(2): Delayed 2 second(s)

2023-07-06 12:11:23 - [MESSAGE][PASSED] - Delayed 2 second(s)

2023-07-06 12:11:23 - [TEST_STEP][PASSED] - takeScreenshot(): Screenshot is taken

2023-07-06 12:11:24 - [MESSAGE][PASSED] - Screenshot is taken
[[ATTACHMENT|/Users/mosaj/Documents/GitHub/MAE-M2U-TestCloud/Reports/20230706_120854/Mosaj S2U/20230706_120854/1688616683768.png]]

2023-07-06 12:11:24 - [TEST_STEP][PASSED] - tap(findTestObject("Login Onboarding/loginExistingContinueBtn"), 0): Tapped on element 'Object Repository/Login Onboarding/loginExistingContinueBtn'

2023-07-06 12:11:24 - [MESSAGE][WARNING] - Timeout '0' is invalid. Using default page load timeout: '30'

2023-07-06 12:11:24 - [MESSAGE][PASSED] - Tapped on element 'Object Repository/Login Onboarding/loginExistingContinueBtn'

2023-07-06 12:11:24 - [TEST_STEP][PASSED] - delay(2): Delayed 2 second(s)

2023-07-06 12:11:26 - [MESSAGE][PASSED] - Delayed 2 second(s)

2023-07-06 12:11:26 - [TEST_STEP][PASSED] - verifyElementVisible(findTestObject("Object Repository/Transfer/onboardSelectWallet_AccountType"), 0): Element 'Object Repository/Transfer/onboardSelectWallet_AccountType' is visible

2023-07-06 12:11:26 - [MESSAGE][WARNING] - Timeout '0' is invalid. Using default page load timeout: '30'

2023-07-06 12:11:26 - [MESSAGE][PASSED] - Element 'Object Repository/Transfer/onboardSelectWallet_AccountType' is visible

2023-07-06 12:11:26 - [TEST_STEP][PASSED] - tap(findTestObject("Object Repository/Transfer/onboardSelectWallet_AccountType"), 0): Tapped on element 'Object Repository/Transfer/onboardSelectWallet_AccountType'

2023-07-06 12:11:26 - [MESSAGE][WARNING] - Timeout '0' is invalid. Using default page load timeout: '30'

2023-07-06 12:11:26 - [MESSAGE][PASSED] - Tapped on element 'Object Repository/Transfer/onboardSelectWallet_AccountType'

2023-07-06 12:11:26 - [TEST_STEP][PASSED] - Last = getText(findTestObject("TextNo", ["No":"last()"]), 0): Text of element 'Object Repository/TextNo' is: 'Next'

2023-07-06 12:11:27 - [MESSAGE][WARNING] - Timeout '0' is invalid. Using default page load timeout: '30'

2023-07-06 12:11:28 - [MESSAGE][PASSED] - Text of element 'Object Repository/TextNo' is: 'Next'

2023-07-06 12:11:28 - [TEST_STEP][PASSED] - if (Last == "Continue"): null

2023-07-06 12:11:28 - [TEST_STEP][PASSED] - else: Tapped on element 'Object Repository/Text'

2023-07-06 12:11:28 - [TEST_STEP][PASSED] - verifyElementExist(findTestObject("Text", ["Verify":"Next"]), 0): Element 'Object Repository/Text' is exist

2023-07-06 12:11:28 - [MESSAGE][WARNING] - Timeout '0' is invalid. Using default page load timeout: '30'

2023-07-06 12:11:28 - [MESSAGE][PASSED] - Element 'Object Repository/Text' is exist

2023-07-06 12:11:28 - [TEST_STEP][PASSED] - tap(findTestObject("Text", ["Verify":"Next"]), 0): Tapped on element 'Object Repository/Text'

2023-07-06 12:11:28 - [MESSAGE][WARNING] - Timeout '0' is invalid. Using default page load timeout: '30'

2023-07-06 12:11:28 - [MESSAGE][PASSED] - Tapped on element 'Object Repository/Text'

2023-07-06 12:11:28 - [TEST_STEP][PASSED] - takeScreenshot(): Screenshot is taken

2023-07-06 12:11:29 - [MESSAGE][PASSED] - Screenshot is taken
[[ATTACHMENT|/Users/mosaj/Documents/GitHub/MAE-M2U-TestCloud/Reports/20230706_120854/Mosaj S2U/20230706_120854/1688616688580.png]]

2023-07-06 12:11:29 - [TEST_STEP][PASSED] - delay(7): Delayed 7 second(s)

2023-07-06 12:11:36 - [MESSAGE][PASSED] - Delayed 7 second(s)

2023-07-06 12:11:36 - [TEST_STEP][NOT_RUN] - tap(findTestObject("MAE UAT new app/SAM new app/android.widget.TextView - Next"), 0): NOT_RUN: tap(findTestObject("MAE UAT new app/SAM new app/android.widget.TextView - Next"), 0)

2023-07-06 12:11:36 - [MESSAGE][NOT_RUN] - NOT_RUN: tap(findTestObject("MAE UAT new app/SAM new app/android.widget.TextView - Next"), 0)

2023-07-06 12:11:36 - [TEST_STEP][NOT_RUN] - tap(findTestObject("MAE UAT new app/SAM new app/android.widget.TextView - Next"), 0): NOT_RUN: tap(findTestObject("MAE UAT new app/SAM new app/android.widget.TextView - Next"), 0)

2023-07-06 12:11:36 - [MESSAGE][NOT_RUN] - NOT_RUN: tap(findTestObject("MAE UAT new app/SAM new app/android.widget.TextView - Next"), 0)

2023-07-06 12:11:36 - [TEST_STEP][NOT_RUN] - tap(findTestObject("MAE UAT new app/SAM new app/android.widget.TextView - Next"), 0): NOT_RUN: tap(findTestObject("MAE UAT new app/SAM new app/android.widget.TextView - Next"), 0)

2023-07-06 12:11:36 - [MESSAGE][NOT_RUN] - NOT_RUN: tap(findTestObject("MAE UAT new app/SAM new app/android.widget.TextView - Next"), 0)

2023-07-06 12:11:36 - [TEST_STEP][NOT_RUN] - takeScreenshot(): NOT_RUN: takeScreenshot()

2023-07-06 12:11:36 - [MESSAGE][NOT_RUN] - NOT_RUN: takeScreenshot()

2023-07-06 12:11:36 - [TEST_STEP][NOT_RUN] - tap(findTestObject("MAE UAT new app/SAM new app/android.widget.TextView - Next"), 0): NOT_RUN: tap(findTestObject("MAE UAT new app/SAM new app/android.widget.TextView - Next"), 0)

2023-07-06 12:11:36 - [MESSAGE][NOT_RUN] - NOT_RUN: tap(findTestObject("MAE UAT new app/SAM new app/android.widget.TextView - Next"), 0)

2023-07-06 12:11:36 - [TEST_STEP][NOT_RUN] - delay(7): NOT_RUN: delay(7)

2023-07-06 12:11:36 - [MESSAGE][NOT_RUN] - NOT_RUN: delay(7)

2023-07-06 12:11:36 - [TEST_STEP][NOT_RUN] - takeScreenshot(): NOT_RUN: takeScreenshot()

2023-07-06 12:11:36 - [MESSAGE][NOT_RUN] - NOT_RUN: takeScreenshot()

2023-07-06 12:11:36 - [TEST_STEP][NOT_RUN] - tap(findTestObject("MAE UAT new app/SAM new app/android.widget.TextView - Got It"), 0): NOT_RUN: tap(findTestObject("MAE UAT new app/SAM new app/android.widget.TextView - Got It"), 0)

2023-07-06 12:11:36 - [MESSAGE][NOT_RUN] - NOT_RUN: tap(findTestObject("MAE UAT new app/SAM new app/android.widget.TextView - Got It"), 0)

2023-07-06 12:11:36 - [TEST_STEP][NOT_RUN] - delay(7): NOT_RUN: delay(7)

2023-07-06 12:11:36 - [MESSAGE][NOT_RUN] - NOT_RUN: delay(7)

2023-07-06 12:11:36 - [TEST_STEP][PASSED] - tap(findTestObject("MAE UAT new app/SAM new app/android.widget.TextView - Skip"), 0): Tapped on element 'Object Repository/MAE UAT new app/SAM new app/android.widget.TextView - Skip'

2023-07-06 12:11:36 - [MESSAGE][WARNING] - Timeout '0' is invalid. Using default page load timeout: '30'

2023-07-06 12:11:37 - [MESSAGE][PASSED] - Tapped on element 'Object Repository/MAE UAT new app/SAM new app/android.widget.TextView - Skip'

2023-07-06 12:11:37 - [TEST_STEP][PASSED] - delay(7): Delayed 7 second(s)

2023-07-06 12:11:44 - [MESSAGE][PASSED] - Delayed 7 second(s)

2023-07-06 12:11:44 - [TEST_STEP][PASSED] - takeScreenshot(): Screenshot is taken

2023-07-06 12:11:44 - [MESSAGE][PASSED] - Screenshot is taken
[[ATTACHMENT|/Users/mosaj/Documents/GitHub/MAE-M2U-TestCloud/Reports/20230706_120854/Mosaj S2U/20230706_120854/1688616704022.png]]

2023-07-06 12:11:44 - [TEST_STEP][NOT_RUN] - tap(findTestObject("MAE UAT new app/SAM new app/android.widget.TextView - Done"), 0): NOT_RUN: tap(findTestObject("MAE UAT new app/SAM new app/android.widget.TextView - Done"), 0)

2023-07-06 12:11:44 - [MESSAGE][NOT_RUN] - NOT_RUN: tap(findTestObject("MAE UAT new app/SAM new app/android.widget.TextView - Done"), 0)

2023-07-06 12:11:44 - [TEST_STEP][NOT_RUN] - tap(findTestObject("Login Onboarding/onboardReferSkipBtn"), 0, OPTIONAL): NOT_RUN: tap(findTestObject("Login Onboarding/onboardReferSkipBtn"), 0, OPTIONAL)

2023-07-06 12:11:44 - [MESSAGE][NOT_RUN] - NOT_RUN: tap(findTestObject("Login Onboarding/onboardReferSkipBtn"), 0, OPTIONAL)

2023-07-06 12:11:44 - [TEST_STEP][NOT_RUN] - delay(2): NOT_RUN: delay(2)

2023-07-06 12:11:44 - [MESSAGE][NOT_RUN] - NOT_RUN: delay(2)

2023-07-06 12:11:44 - [TEST_STEP][NOT_RUN] - tap(findTestObject("Login Onboarding/Main/mainDoneBtn"), 0): NOT_RUN: tap(findTestObject("Login Onboarding/Main/mainDoneBtn"), 0)

2023-07-06 12:11:44 - [MESSAGE][NOT_RUN] - NOT_RUN: tap(findTestObject("Login Onboarding/Main/mainDoneBtn"), 0)

2023-07-06 12:11:44 - [TEST_STEP][NOT_RUN] - delay(5): NOT_RUN: delay(5)

2023-07-06 12:11:44 - [MESSAGE][NOT_RUN] - NOT_RUN: delay(5)

2023-07-06 12:11:44 - [TEST_STEP][NOT_RUN] - takeScreenshot(): NOT_RUN: takeScreenshot()

2023-07-06 12:11:44 - [MESSAGE][NOT_RUN] - NOT_RUN: takeScreenshot()

2023-07-06 12:11:44 - [TEST_STEP][NOT_RUN] - verifyEqual(getText(findTestObject("Object Repository/Dynamic Object/VerifyText", ["text":"Quick Actions"]), 0), "Quick Actions"): NOT_RUN: verifyEqual(getText(findTestObject("Object Repository/Dynamic Object/VerifyText", ["text":"Quick Actions"]), 0), "Quick Actions")

2023-07-06 12:11:44 - [MESSAGE][NOT_RUN] - NOT_RUN: verifyEqual(getText(findTestObject("Object Repository/Dynamic Object/VerifyText", ["text":"Quick Actions"]), 0), "Quick Actions")

2023-07-06 12:11:44 - [TEST_STEP][NOT_RUN] - takeScreenshot(): NOT_RUN: takeScreenshot()

2023-07-06 12:11:44 - [MESSAGE][NOT_RUN] - NOT_RUN: takeScreenshot()]]></system-out>
         <system-err><![CDATA[]]></system-err>
      </testcase>
      <testcase name="Test Cases/Login Onboard/secure2u registration" time="34.805" classname="Test Cases/Login Onboard/secure2u registration" status="PASSED">
         <system-out><![CDATA[2023-07-06 12:11:44 - [TEST_CASE][PASSED] - Test Cases/Login Onboard/secure2u registration: Test Cases/Login Onboard/secure2u registration

2023-07-06 12:11:45 - [TEST_STEP][PASSED] - getText(findTestObject("Object Repository/s2u registration/android.widget.TextView - Activate Secure2u"), 0): Text of element 'Object Repository/s2u registration/android.widget.TextView - Activate Secure2u' is: 'Activate Secure2u'

2023-07-06 12:11:45 - [MESSAGE][WARNING] - Timeout '0' is invalid. Using default page load timeout: '30'

2023-07-06 12:11:45 - [MESSAGE][PASSED] - Text of element 'Object Repository/s2u registration/android.widget.TextView - Activate Secure2u' is: 'Activate Secure2u'

2023-07-06 12:11:45 - [TEST_STEP][PASSED] - tap(findTestObject("s2u registration/android.widget.TextView - Activate Secure2u"), 0): Tapped on element 'Object Repository/s2u registration/android.widget.TextView - Activate Secure2u'

2023-07-06 12:11:45 - [MESSAGE][WARNING] - Timeout '0' is invalid. Using default page load timeout: '30'

2023-07-06 12:11:45 - [MESSAGE][PASSED] - Tapped on element 'Object Repository/s2u registration/android.widget.TextView - Activate Secure2u'

2023-07-06 12:11:45 - [TEST_STEP][PASSED] - getText(findTestObject("Object Repository/s2u registration/android.widget.TextView - Activate Now"), 0): Text of element 'Object Repository/s2u registration/android.widget.TextView - Activate Now' is: 'Activate Now'

2023-07-06 12:11:46 - [MESSAGE][WARNING] - Timeout '0' is invalid. Using default page load timeout: '30'

2023-07-06 12:11:46 - [MESSAGE][PASSED] - Text of element 'Object Repository/s2u registration/android.widget.TextView - Activate Now' is: 'Activate Now'

2023-07-06 12:11:46 - [TEST_STEP][PASSED] - tap(findTestObject("s2u registration/android.widget.TextView - Activate Now"), 0): Tapped on element 'Object Repository/s2u registration/android.widget.TextView - Activate Now'

2023-07-06 12:11:47 - [MESSAGE][WARNING] - Timeout '0' is invalid. Using default page load timeout: '30'

2023-07-06 12:11:47 - [MESSAGE][PASSED] - Tapped on element 'Object Repository/s2u registration/android.widget.TextView - Activate Now'

2023-07-06 12:11:47 - [TEST_STEP][PASSED] - getText(findTestObject("Object Repository/s2u registration/android.widget.TextView - Confirm"), 0): Text of element 'Object Repository/s2u registration/android.widget.TextView - Confirm' is: 'Confirm'

2023-07-06 12:11:47 - [MESSAGE][WARNING] - Timeout '0' is invalid. Using default page load timeout: '30'

2023-07-06 12:11:49 - [MESSAGE][PASSED] - Text of element 'Object Repository/s2u registration/android.widget.TextView - Confirm' is: 'Confirm'

2023-07-06 12:11:49 - [TEST_STEP][PASSED] - tap(findTestObject("s2u registration/android.widget.TextView - Confirm"), 0): Tapped on element 'Object Repository/s2u registration/android.widget.TextView - Confirm'

2023-07-06 12:11:49 - [MESSAGE][WARNING] - Timeout '0' is invalid. Using default page load timeout: '30'

2023-07-06 12:11:49 - [MESSAGE][PASSED] - Tapped on element 'Object Repository/s2u registration/android.widget.TextView - Confirm'

2023-07-06 12:11:49 - [TEST_STEP][NOT_RUN] - getText(findTestObject("Object Repository/s2u registration/android.widget.TextView - Your OTP no. is 303481"), 0): NOT_RUN: getText(findTestObject("Object Repository/s2u registration/android.widget.TextView - Your OTP no. is 303481"), 0)

2023-07-06 12:11:49 - [MESSAGE][NOT_RUN] - NOT_RUN: getText(findTestObject("Object Repository/s2u registration/android.widget.TextView - Your OTP no. is 303481"), 0)

2023-07-06 12:11:49 - [TEST_STEP][PASSED] - delay(15): Delayed 15 second(s)

2023-07-06 12:12:04 - [MESSAGE][PASSED] - Delayed 15 second(s)

2023-07-06 12:12:04 - [TEST_STEP][PASSED] - getText(findTestObject("Object Repository/s2u registration/android.widget.TextView - Enter your ID number"), 0): Text of element 'Object Repository/s2u registration/android.widget.TextView - Enter your ID number' is: 'Enter your ID number'

2023-07-06 12:12:04 - [MESSAGE][WARNING] - Timeout '0' is invalid. Using default page load timeout: '30'

2023-07-06 12:12:04 - [MESSAGE][PASSED] - Text of element 'Object Repository/s2u registration/android.widget.TextView - Enter your ID number' is: 'Enter your ID number'

2023-07-06 12:12:04 - [TEST_STEP][PASSED] - setText(findTestObject("Object Repository/s2u registration/android.widget.EditText - Your ID number"), "960829149762", 0): Text '960829149762' has been set to element 'Object Repository/s2u registration/android.widget.EditText - Your ID number'

2023-07-06 12:12:04 - [MESSAGE][WARNING] - Timeout '0' is invalid. Using default page load timeout: '30'

2023-07-06 12:12:06 - [MESSAGE][PASSED] - Text '960829149762' has been set to element 'Object Repository/s2u registration/android.widget.EditText - Your ID number'

2023-07-06 12:12:06 - [TEST_STEP][PASSED] - hideKeyboard(): Keyboard is hidden

2023-07-06 12:12:07 - [MESSAGE][PASSED] - Keyboard is hidden

2023-07-06 12:12:07 - [TEST_STEP][PASSED] - getText(findTestObject("Object Repository/s2u registration/android.widget.TextView - Continue"), 0): Text of element 'Object Repository/s2u registration/android.widget.TextView - Continue' is: 'Continue'

2023-07-06 12:12:07 - [MESSAGE][WARNING] - Timeout '0' is invalid. Using default page load timeout: '30'

2023-07-06 12:12:08 - [MESSAGE][PASSED] - Text of element 'Object Repository/s2u registration/android.widget.TextView - Continue' is: 'Continue'

2023-07-06 12:12:08 - [TEST_STEP][PASSED] - tap(findTestObject("s2u registration/android.widget.TextView - Continue"), 0): Tapped on element 'Object Repository/s2u registration/android.widget.TextView - Continue'

2023-07-06 12:12:08 - [MESSAGE][WARNING] - Timeout '0' is invalid. Using default page load timeout: '30'

2023-07-06 12:12:08 - [MESSAGE][PASSED] - Tapped on element 'Object Repository/s2u registration/android.widget.TextView - Continue'

2023-07-06 12:12:08 - [TEST_STEP][PASSED] - getText(findTestObject("Object Repository/s2u registration/android.widget.TextView - Device Name"), 0): Text of element 'Object Repository/s2u registration/android.widget.TextView - Device Name' is: 'Device Name'

2023-07-06 12:12:08 - [MESSAGE][WARNING] - Timeout '0' is invalid. Using default page load timeout: '30'

2023-07-06 12:12:11 - [MESSAGE][PASSED] - Text of element 'Object Repository/s2u registration/android.widget.TextView - Device Name' is: 'Device Name'

2023-07-06 12:12:11 - [TEST_STEP][PASSED] - getText(findTestObject("s2u registration/android.widget.TextView - Continue (1)"), 0): Text of element 'Object Repository/s2u registration/android.widget.TextView - Continue (1)' is: 'Continue'

2023-07-06 12:12:11 - [MESSAGE][WARNING] - Timeout '0' is invalid. Using default page load timeout: '30'

2023-07-06 12:12:11 - [MESSAGE][PASSED] - Text of element 'Object Repository/s2u registration/android.widget.TextView - Continue (1)' is: 'Continue'

2023-07-06 12:12:11 - [TEST_STEP][PASSED] - tap(findTestObject("s2u registration/android.widget.TextView - Continue (1)"), 0): Tapped on element 'Object Repository/s2u registration/android.widget.TextView - Continue (1)'

2023-07-06 12:12:11 - [MESSAGE][WARNING] - Timeout '0' is invalid. Using default page load timeout: '30'

2023-07-06 12:12:11 - [MESSAGE][PASSED] - Tapped on element 'Object Repository/s2u registration/android.widget.TextView - Continue (1)'

2023-07-06 12:12:11 - [TEST_STEP][PASSED] - getText(findTestObject("Object Repository/s2u registration/android.widget.TextView - Secure2u enabled"), 0): Text of element 'Object Repository/s2u registration/android.widget.TextView - Secure2u enabled' is: 'Secure2u enabled'

2023-07-06 12:12:11 - [MESSAGE][WARNING] - Timeout '0' is invalid. Using default page load timeout: '30'

2023-07-06 12:12:15 - [MESSAGE][PASSED] - Text of element 'Object Repository/s2u registration/android.widget.TextView - Secure2u enabled' is: 'Secure2u enabled'

2023-07-06 12:12:15 - [TEST_STEP][PASSED] - getText(findTestObject("Object Repository/s2u registration/android.widget.TextView - Continue (1)"), 0): Text of element 'Object Repository/s2u registration/android.widget.TextView - Continue (1)' is: 'Continue'

2023-07-06 12:12:15 - [MESSAGE][WARNING] - Timeout '0' is invalid. Using default page load timeout: '30'

2023-07-06 12:12:16 - [MESSAGE][PASSED] - Text of element 'Object Repository/s2u registration/android.widget.TextView - Continue (1)' is: 'Continue'

2023-07-06 12:12:16 - [TEST_STEP][PASSED] - tap(findTestObject("s2u registration/android.widget.TextView - Continue (1)"), 0): Tapped on element 'Object Repository/s2u registration/android.widget.TextView - Continue (1)'

2023-07-06 12:12:16 - [MESSAGE][WARNING] - Timeout '0' is invalid. Using default page load timeout: '30'

2023-07-06 12:12:16 - [MESSAGE][PASSED] - Tapped on element 'Object Repository/s2u registration/android.widget.TextView - Continue (1)'

2023-07-06 12:12:16 - [TEST_STEP][PASSED] - getText(findTestObject("Object Repository/s2u registration/android.widget.TextView - Home"), 0): Text of element 'Object Repository/s2u registration/android.widget.TextView - Home' is: 'Home'

2023-07-06 12:12:16 - [MESSAGE][WARNING] - Timeout '0' is invalid. Using default page load timeout: '30'

2023-07-06 12:12:17 - [MESSAGE][PASSED] - Text of element 'Object Repository/s2u registration/android.widget.TextView - Home' is: 'Home'

2023-07-06 12:12:17 - [TEST_STEP][PASSED] - tap(findTestObject("s2u registration/android.widget.TextView - Home"), 0): Tapped on element 'Object Repository/s2u registration/android.widget.TextView - Home'

2023-07-06 12:12:17 - [MESSAGE][WARNING] - Timeout '0' is invalid. Using default page load timeout: '30'

2023-07-06 12:12:19 - [MESSAGE][PASSED] - Tapped on element 'Object Repository/s2u registration/android.widget.TextView - Home'

2023-07-06 12:12:19 - [TEST_STEP][NOT_RUN] - closeApplication(): NOT_RUN: closeApplication()

2023-07-06 12:12:19 - [MESSAGE][NOT_RUN] - NOT_RUN: closeApplication()]]></system-out>
         <system-err><![CDATA[]]></system-err>
      </testcase>
      <system-out><![CDATA[2023-07-06 12:09:08 - [TEST_SUITE][PASSED] - Mosaj S2U: Test Cases/Login Onboard/secure2u registration]]></system-out>
      <system-err><![CDATA[]]></system-err>
   </testsuite>
</testsuites>
