<?xml version="1.0" encoding="UTF-8"?>
<testsuites name="Test suite folder 4" time="186.131" tests="2" failures="0" errors="0">
   <testsuite name="Test suite folder 4" tests="2" failures="0" errors="0" time="186.131" skipped="0" timestamp="2023-03-11 00:21:50" hostname="00123955 - L181102205W10.mshome.net" id="Test Suites/Test suite folder 4">
      <properties>
[...]
</properties>
      <testcase name="Test Cases/Web Login/Login_Logout" time="102.997" classname="Test Cases/Web Login/Login_Logout" status="PASSED">
         <system-out><![CDATA[2023-03-11 00:21:52 - [TEST_CASE][PASSED] - Test Cases/Web Login/Login_Logout: Test Cases/Web Login/Login_Logout

2023-03-11 00:21:55 - [TEST_STEP][PASSED] - openBrowser(""): Browser is opened with url: ''

2023-03-11 00:21:57 - [MESSAGE][INFO] - User set preference: ['os', 'linux']

2023-03-11 00:21:57 - [MESSAGE][INFO] - User set preference: ['browserName', 'chrome']

2023-03-11 00:21:57 - [MESSAGE][INFO] - User set preference: ['browserVersion', '107']

2023-03-11 00:21:57 - [MESSAGE][INFO] - User set preference: ['katalon:option', '{organizationId=1112204, tunnelId=, usingTunnel=false}']

2023-03-11 00:21:57 - [MESSAGE][INFO] - Connecting to remote web server 'testcloud.katalon.com/hub' with type 'Selenium'

2023-03-11 00:22:00 - [MESSAGE][INFO] - Action delay is set to 0 milliseconds

2023-03-11 00:22:36 - [MESSAGE][PASSED] - Browser is opened with url: ''

2023-03-11 00:22:36 - [TEST_STEP][PASSED] - maximizeWindow(): Current window maximized

2023-03-11 00:22:37 - [MESSAGE][PASSED] - Current window maximized

2023-03-11 00:22:37 - [TEST_STEP][PASSED] - navigateToUrl("https://www.maybank2u.com.my/home/m2u/common/login.do"): Navigate to 'https://www.maybank2u.com.my/home/m2u/common/login.do' successfully

2023-03-11 00:22:43 - [MESSAGE][PASSED] - Navigate to 'https://www.maybank2u.com.my/home/m2u/common/login.do' successfully

2023-03-11 00:22:43 - [TEST_STEP][PASSED] - setText(findTestObject("Object Repository/Web Login/Page_Maybank2u  Maybank Malaysia/input_Humanising Financial Services_username"), findTestData("DevOps").getValue(1, 1)): Text 'mosajgohar1' is set on object 'Object Repository/Web Login/Page_Maybank2u  Maybank Malaysia/input_Humanising Financial Services_username'

2023-03-11 00:22:52 - [MESSAGE][PASSED] - Text 'mosajgohar1' is set on object 'Object Repository/Web Login/Page_Maybank2u  Maybank Malaysia/input_Humanising Financial Services_username'

2023-03-11 00:22:52 - [TEST_STEP][PASSED] - click(findTestObject("Object Repository/Web Login/Page_Maybank2u  Maybank Malaysia/button_LOGIN")): Object: 'Object Repository/Web Login/Page_Maybank2u  Maybank Malaysia/button_LOGIN' is clicked on

2023-03-11 00:22:56 - [MESSAGE][PASSED] - Object: 'Object Repository/Web Login/Page_Maybank2u  Maybank Malaysia/button_LOGIN' is clicked on

2023-03-11 00:22:56 - [TEST_STEP][PASSED] - click(findTestObject("Object Repository/Web Login/Page_Maybank2u  Maybank Malaysia/button_YES")): Object: 'Object Repository/Web Login/Page_Maybank2u  Maybank Malaysia/button_YES' is clicked on

2023-03-11 00:23:01 - [MESSAGE][PASSED] - Object: 'Object Repository/Web Login/Page_Maybank2u  Maybank Malaysia/button_YES' is clicked on

2023-03-11 00:23:01 - [TEST_STEP][PASSED] - setText(findTestObject("Object Repository/Web Login/Page_Maybank2u  Maybank Malaysia/input_Hello_my-password-input"), findTestData("DevOps").getValue(2, 1)): Text 'Mayesha@2' is set on object 'Object Repository/Web Login/Page_Maybank2u  Maybank Malaysia/input_Hello_my-password-input'

2023-03-11 00:23:10 - [MESSAGE][PASSED] - Text 'Mayesha@2' is set on object 'Object Repository/Web Login/Page_Maybank2u  Maybank Malaysia/input_Hello_my-password-input'

2023-03-11 00:23:10 - [TEST_STEP][PASSED] - click(findTestObject("Object Repository/Web Login/Page_Maybank2u  Maybank Malaysia/span_LOGIN")): Object: 'Object Repository/Web Login/Page_Maybank2u  Maybank Malaysia/span_LOGIN' is clicked on

2023-03-11 00:23:14 - [MESSAGE][PASSED] - Object: 'Object Repository/Web Login/Page_Maybank2u  Maybank Malaysia/span_LOGIN' is clicked on

2023-03-11 00:23:14 - [TEST_STEP][PASSED] - delay(20): Delayed 20 second(s)

2023-03-11 00:23:34 - [MESSAGE][PASSED] - Delayed 20 second(s)

2023-03-11 00:23:34 - [TEST_STEP][PASSED] - closeBrowser(): Browser is closed

2023-03-11 00:23:35 - [MESSAGE][PASSED] - Browser is closed]]></system-out>
         <system-err><![CDATA[]]></system-err>
      </testcase>
      <testcase name="Test Cases/Web Login/m2u home page Navigation" time="81.631" classname="Test Cases/Web Login/m2u home page Navigation" status="PASSED">
         <system-out><![CDATA[2023-03-11 00:23:35 - [TEST_CASE][PASSED] - Test Cases/Web Login/m2u home page Navigation: Test Cases/Web Login/m2u home page Navigation

2023-03-11 00:23:36 - [TEST_STEP][PASSED] - openBrowser(""): Browser is opened with url: ''

2023-03-11 00:23:36 - [MESSAGE][INFO] - User set preference: ['os', 'linux']

2023-03-11 00:23:36 - [MESSAGE][INFO] - User set preference: ['browserName', 'chrome']

2023-03-11 00:23:36 - [MESSAGE][INFO] - User set preference: ['browserVersion', '107']

2023-03-11 00:23:36 - [MESSAGE][INFO] - User set preference: ['katalon:option', '{organizationId=1112204, tunnelId=, usingTunnel=false}']

2023-03-11 00:23:36 - [MESSAGE][INFO] - Connecting to remote web server 'testcloud.katalon.com/hub' with type 'Selenium'

2023-03-11 00:23:36 - [MESSAGE][INFO] - Action delay is set to 0 milliseconds

2023-03-11 00:24:01 - [MESSAGE][PASSED] - Browser is opened with url: ''

2023-03-11 00:24:01 - [TEST_STEP][PASSED] - maximizeWindow(): Current window maximized

2023-03-11 00:24:02 - [MESSAGE][PASSED] - Current window maximized

2023-03-11 00:24:02 - [TEST_STEP][PASSED] - navigateToUrl("https://www.maybank2u.com.my/home/m2u/common/login.do"): Navigate to 'https://www.maybank2u.com.my/home/m2u/common/login.do' successfully

2023-03-11 00:24:05 - [MESSAGE][PASSED] - Navigate to 'https://www.maybank2u.com.my/home/m2u/common/login.do' successfully

2023-03-11 00:24:05 - [TEST_STEP][PASSED] - delay(2): Delayed 2 second(s)

2023-03-11 00:24:07 - [MESSAGE][PASSED] - Delayed 2 second(s)

2023-03-11 00:24:07 - [TEST_STEP][PASSED] - click(findTestObject("Object Repository/m2u home page/Page_Maybank2u  Maybank Malaysia/a_BUSINESS")): Object: 'Object Repository/m2u home page/Page_Maybank2u  Maybank Malaysia/a_BUSINESS' is clicked on

2023-03-11 00:24:11 - [MESSAGE][PASSED] - Object: 'Object Repository/m2u home page/Page_Maybank2u  Maybank Malaysia/a_BUSINESS' is clicked on

2023-03-11 00:24:11 - [TEST_STEP][PASSED] - delay(2): Delayed 2 second(s)

2023-03-11 00:24:13 - [MESSAGE][PASSED] - Delayed 2 second(s)

2023-03-11 00:24:13 - [TEST_STEP][PASSED] - verifyElementText(findTestObject("Object Repository/m2u home page/Page_Maybank2u Business  One Stop Digital S_523ae9/span_Login"), "LOGIN"): Actual text and expected text of test object 'Object Repository/m2u home page/Page_Maybank2u Business  One Stop Digital S_523ae9/span_Login' are matched.

2023-03-11 00:24:17 - [MESSAGE][PASSED] - Actual text and expected text of test object 'Object Repository/m2u home page/Page_Maybank2u Business  One Stop Digital S_523ae9/span_Login' are matched.

2023-03-11 00:24:17 - [TEST_STEP][PASSED] - click(findTestObject("Object Repository/m2u home page/Page_Maybank2u Business  One Stop Digital S_523ae9/span_Login")): Object: 'Object Repository/m2u home page/Page_Maybank2u Business  One Stop Digital S_523ae9/span_Login' is clicked on

2023-03-11 00:24:23 - [MESSAGE][PASSED] - Object: 'Object Repository/m2u home page/Page_Maybank2u Business  One Stop Digital S_523ae9/span_Login' is clicked on

2023-03-11 00:24:23 - [TEST_STEP][PASSED] - click(findTestObject("Object Repository/m2u home page/Page_Maybank2u.com Online Financial Services/button_close")): Object: 'Object Repository/m2u home page/Page_Maybank2u.com Online Financial Services/button_close' is clicked on

2023-03-11 00:24:30 - [MESSAGE][PASSED] - Object: 'Object Repository/m2u home page/Page_Maybank2u.com Online Financial Services/button_close' is clicked on

2023-03-11 00:24:32 - [TEST_STEP][PASSED] - click(findTestObject("Object Repository/m2u home page/Page_Maybank2u.com Online Financial Services/input_Username_action")): Object: 'Object Repository/m2u home page/Page_Maybank2u.com Online Financial Services/input_Username_action' is clicked on

2023-03-11 00:24:38 - [MESSAGE][PASSED] - Object: 'Object Repository/m2u home page/Page_Maybank2u.com Online Financial Services/input_Username_action' is clicked on

2023-03-11 00:24:40 - [TEST_STEP][PASSED] - getText(findTestObject("Object Repository/m2u home page/Page_Maybank2u.com Online Financial Services/span_Username is required")): Text of object 'Object Repository/m2u home page/Page_Maybank2u.com Online Financial Services/span_Username is required' is: 'Username is required.'

2023-03-11 00:24:45 - [MESSAGE][PASSED] - Text of object 'Object Repository/m2u home page/Page_Maybank2u.com Online Financial Services/span_Username is required' is: 'Username is required.'

2023-03-11 00:24:47 - [TEST_STEP][PASSED] - verifyElementText(findTestObject("Object Repository/m2u home page/Page_Maybank2u.com Online Financial Services/span_Username is required"), "Username is required."): Actual text and expected text of test object 'Object Repository/m2u home page/Page_Maybank2u.com Online Financial Services/span_Username is required' are matched.

2023-03-11 00:24:54 - [MESSAGE][PASSED] - Actual text and expected text of test object 'Object Repository/m2u home page/Page_Maybank2u.com Online Financial Services/span_Username is required' are matched.

2023-03-11 00:24:55 - [TEST_STEP][PASSED] - closeBrowser(): Browser is closed

2023-03-11 00:24:56 - [MESSAGE][PASSED] - Browser is closed]]></system-out>
         <system-err><![CDATA[]]></system-err>
      </testcase>
      <system-out><![CDATA[2023-03-11 00:21:50 - [TEST_SUITE][PASSED] - Test suite folder 4: Test Cases/Web Login/m2u home page Navigation]]></system-out>
      <system-err><![CDATA[]]></system-err>
   </testsuite>
</testsuites>
